<?xml version="1.0" encoding="UTF-8"?>
<!-- Generated by org.testng.reporters.JUnitReportReporter -->
<testsuite skipped="0" hostname="PRFT-16817" name="google.testcase.translate.TC_03_GoogleTranslate" tests="1" failures="0" timestamp="2022-03-17T12:36:39 CDT" time="9.204" errors="0">
  <testcase name="testTranslate" time="9.204" classname="google.testcase.translate.TC_03_GoogleTranslate"/>
  <system-out/>
</testsuite> <!-- google.testcase.translate.TC_03_GoogleTranslate -->
