<?xml version="1.0" encoding="UTF-8"?>
<!-- Generated by org.testng.reporters.JUnitReportReporter -->
<testsuite skipped="0" hostname="PRFT-16817" name="google.testcase.search.TC_01_GoogleWebSearch" tests="1" failures="0" timestamp="2022-03-17T12:36:39 CDT" time="8.614" errors="0">
  <testcase name="testSearchWeb" time="8.614" classname="google.testcase.search.TC_01_GoogleWebSearch"/>
  <system-out/>
</testsuite> <!-- google.testcase.search.TC_01_GoogleWebSearch -->
